{"uid":"1a4a0709790840c8","name":"DeleteProjectTest","fullName":"QaseTestProject:QaseTestProject.Tests.UITests.ProjectTests.DeleteProjectTest()","historyId":"1ab4d84dda61d7c318549af554bc1c76","time":{"start":1714063715531,"stop":1714063731030,"duration":15499},"description":"Delete entity (project) test\n","descriptionHtml":"<p>Delete entity (project) test</p>\n","status":"broken","statusMessage":"OpenQA.Selenium.WebDriverTimeoutException : Timed out after 10 seconds\n  ----> OpenQA.Selenium.NoSuchElementException : no such element: Unable to locate element: {\"method\":\"xpath\",\"selector\":\"//div[@id='modals']//span[text()='Delete project']/..\"}\n  (Session info: chrome-headless-shell=124.0.6367.78); For documentation on this error, please visit: https://www.selenium.dev/documentation/webdriver/troubleshooting/errors#no-such-element-exception","statusTrace":"   at OpenQA.Selenium.Support.UI.DefaultWait`1.ThrowTimeoutException(String exceptionMessage, Exception lastException)\n   at OpenQA.Selenium.Support.UI.DefaultWait`1.Until[TResult](Func`2 condition, CancellationToken token)\n   at OpenQA.Selenium.Support.UI.DefaultWait`1.Until[TResult](Func`2 condition)\n   at QaseTestProject.Helpers.WaitsHelper.WaitForExists(By locator) in /home/runner/work/AQA_MTS_Final/AQA_MTS_Final/QaseTestProject/Helpers/WaitsHelper.cs:line 18\n   at QaseTestProject.Elements.UIElement..ctor(IWebDriver webDriver, By by) in /home/runner/work/AQA_MTS_Final/AQA_MTS_Final/QaseTestProject/Elements/UIElement.cs:line 26\n   at QaseTestProject.Elements.Button..ctor(IWebDriver webDriver, By by) in /home/runner/work/AQA_MTS_Final/AQA_MTS_Final/QaseTestProject/Elements/Button.cs:line 9\n   at QaseTestProject.Objects.Pages.SettingsPage.get_DeleteProjectFinalButton() in /home/runner/work/AQA_MTS_Final/AQA_MTS_Final/QaseTestProject/Objects/Pages/SettingsPage.cs:line 15\n   at QaseTestProject.Objects.Pages.SettingsPage.ClickDeleteProjectFinalButton() in /home/runner/work/AQA_MTS_Final/AQA_MTS_Final/QaseTestProject/Objects/Pages/SettingsPage.cs:line 23\n   at QaseTestProject.Objects.Steps.SettingsSteps.__a$_around_DeleteProject_100663364_o(String projectCode) in /home/runner/work/AQA_MTS_Final/AQA_MTS_Final/QaseTestProject/Objects/Steps/SettingsSteps.cs:line 31\n   at QaseTestProject.Objects.Steps.SettingsSteps.__a$_around_DeleteProject_100663364_u(Object[])\n   at Allure.Net.Commons.Steps.AllureAbstractStepAspect.WrapSync[T](Func`2 target, Object[] args, MethodBase metadata, String stepName, List`1 stepParameters)\n   at InvokeStub_AllureAbstractStepAspect.WrapSync(Object, Span`1)\n   at System.Reflection.MethodBaseInvoker.InvokeWithManyArgs(Object obj, BindingFlags invokeAttr, Binder binder, Object[] parameters, CultureInfo culture)\n--NoSuchElementException\n   at OpenQA.Selenium.WebDriver.UnpackAndThrowOnError(Response errorResponse, String commandToExecute)\n   at OpenQA.Selenium.WebDriver.Execute(String driverCommandToExecute, Dictionary`2 parameters)\n   at OpenQA.Selenium.Support.UI.DefaultWait`1.Until[TResult](Func`2 condition, CancellationToken token)","flaky":false,"newFailed":false,"newBroken":false,"newPassed":false,"retriesCount":0,"retriesStatusChange":false,"beforeStages":[],"testStage":{"description":"Delete entity (project) test\n","status":"broken","statusMessage":"OpenQA.Selenium.WebDriverTimeoutException : Timed out after 10 seconds\n  ----> OpenQA.Selenium.NoSuchElementException : no such element: Unable to locate element: {\"method\":\"xpath\",\"selector\":\"//div[@id='modals']//span[text()='Delete project']/..\"}\n  (Session info: chrome-headless-shell=124.0.6367.78); For documentation on this error, please visit: https://www.selenium.dev/documentation/webdriver/troubleshooting/errors#no-such-element-exception","statusTrace":"   at OpenQA.Selenium.Support.UI.DefaultWait`1.ThrowTimeoutException(String exceptionMessage, Exception lastException)\n   at OpenQA.Selenium.Support.UI.DefaultWait`1.Until[TResult](Func`2 condition, CancellationToken token)\n   at OpenQA.Selenium.Support.UI.DefaultWait`1.Until[TResult](Func`2 condition)\n   at QaseTestProject.Helpers.WaitsHelper.WaitForExists(By locator) in /home/runner/work/AQA_MTS_Final/AQA_MTS_Final/QaseTestProject/Helpers/WaitsHelper.cs:line 18\n   at QaseTestProject.Elements.UIElement..ctor(IWebDriver webDriver, By by) in /home/runner/work/AQA_MTS_Final/AQA_MTS_Final/QaseTestProject/Elements/UIElement.cs:line 26\n   at QaseTestProject.Elements.Button..ctor(IWebDriver webDriver, By by) in /home/runner/work/AQA_MTS_Final/AQA_MTS_Final/QaseTestProject/Elements/Button.cs:line 9\n   at QaseTestProject.Objects.Pages.SettingsPage.get_DeleteProjectFinalButton() in /home/runner/work/AQA_MTS_Final/AQA_MTS_Final/QaseTestProject/Objects/Pages/SettingsPage.cs:line 15\n   at QaseTestProject.Objects.Pages.SettingsPage.ClickDeleteProjectFinalButton() in /home/runner/work/AQA_MTS_Final/AQA_MTS_Final/QaseTestProject/Objects/Pages/SettingsPage.cs:line 23\n   at QaseTestProject.Objects.Steps.SettingsSteps.__a$_around_DeleteProject_100663364_o(String projectCode) in /home/runner/work/AQA_MTS_Final/AQA_MTS_Final/QaseTestProject/Objects/Steps/SettingsSteps.cs:line 31\n   at QaseTestProject.Objects.Steps.SettingsSteps.__a$_around_DeleteProject_100663364_u(Object[])\n   at Allure.Net.Commons.Steps.AllureAbstractStepAspect.WrapSync[T](Func`2 target, Object[] args, MethodBase metadata, String stepName, List`1 stepParameters)\n   at InvokeStub_AllureAbstractStepAspect.WrapSync(Object, Span`1)\n   at System.Reflection.MethodBaseInvoker.InvokeWithManyArgs(Object obj, BindingFlags invokeAttr, Binder binder, Object[] parameters, CultureInfo culture)\n--NoSuchElementException\n   at OpenQA.Selenium.WebDriver.UnpackAndThrowOnError(Response errorResponse, String commandToExecute)\n   at OpenQA.Selenium.WebDriver.Execute(String driverCommandToExecute, Dictionary`2 parameters)\n   at OpenQA.Selenium.Support.UI.DefaultWait`1.Until[TResult](Func`2 condition, CancellationToken token)","steps":[{"name":"SuccessfulLogin","time":{"start":1714063717081,"stop":1714063717742,"duration":661},"status":"passed","steps":[],"attachments":[],"parameters":[{"name":"username","value":"\"dima62131+qase1@gmail.com\""},{"name":"password","value":"\"testpassworD1!\""}],"shouldDisplayMessage":false,"stepsCount":0,"attachmentsCount":0,"hasContent":true},{"name":"Delete project by code","time":{"start":1714063717742,"stop":1714063730924,"duration":13182},"status":"broken","statusMessage":"Timed out after 10 seconds","statusTrace":"OpenQA.Selenium.WebDriverTimeoutException: Timed out after 10 seconds\n ---> OpenQA.Selenium.NoSuchElementException: no such element: Unable to locate element: {\"method\":\"xpath\",\"selector\":\"//div[@id='modals']//span[text()='Delete project']/..\"}\n  (Session info: chrome-headless-shell=124.0.6367.78); For documentation on this error, please visit: https://www.selenium.dev/documentation/webdriver/troubleshooting/errors#no-such-element-exception\n   at OpenQA.Selenium.WebDriver.UnpackAndThrowOnError(Response errorResponse, String commandToExecute)\n   at OpenQA.Selenium.WebDriver.Execute(String driverCommandToExecute, Dictionary`2 parameters)\n   at OpenQA.Selenium.Support.UI.DefaultWait`1.Until[TResult](Func`2 condition, CancellationToken token)\n   --- End of inner exception stack trace ---\n   at OpenQA.Selenium.Support.UI.DefaultWait`1.ThrowTimeoutException(String exceptionMessage, Exception lastException)\n   at OpenQA.Selenium.Support.UI.DefaultWait`1.Until[TResult](Func`2 condition, CancellationToken token)\n   at OpenQA.Selenium.Support.UI.DefaultWait`1.Until[TResult](Func`2 condition)\n   at QaseTestProject.Helpers.WaitsHelper.WaitForExists(By locator) in /home/runner/work/AQA_MTS_Final/AQA_MTS_Final/QaseTestProject/Helpers/WaitsHelper.cs:line 18\n   at QaseTestProject.Elements.UIElement..ctor(IWebDriver webDriver, By by) in /home/runner/work/AQA_MTS_Final/AQA_MTS_Final/QaseTestProject/Elements/UIElement.cs:line 26\n   at QaseTestProject.Elements.Button..ctor(IWebDriver webDriver, By by) in /home/runner/work/AQA_MTS_Final/AQA_MTS_Final/QaseTestProject/Elements/Button.cs:line 9\n   at QaseTestProject.Objects.Pages.SettingsPage.get_DeleteProjectFinalButton() in /home/runner/work/AQA_MTS_Final/AQA_MTS_Final/QaseTestProject/Objects/Pages/SettingsPage.cs:line 15\n   at QaseTestProject.Objects.Pages.SettingsPage.ClickDeleteProjectFinalButton() in /home/runner/work/AQA_MTS_Final/AQA_MTS_Final/QaseTestProject/Objects/Pages/SettingsPage.cs:line 23\n   at QaseTestProject.Objects.Steps.SettingsSteps.__a$_around_DeleteProject_100663364_o(String projectCode) in /home/runner/work/AQA_MTS_Final/AQA_MTS_Final/QaseTestProject/Objects/Steps/SettingsSteps.cs:line 31\n   at QaseTestProject.Objects.Steps.SettingsSteps.__a$_around_DeleteProject_100663364_u(Object[])\n   at Allure.Net.Commons.Steps.AllureAbstractStepAspect.WrapSync[T](Func`2 target, Object[] args, MethodBase metadata, String stepName, List`1 stepParameters)","steps":[],"attachments":[],"parameters":[{"name":"projectCode","value":"\"TESTATCODE\""}],"shouldDisplayMessage":true,"stepsCount":0,"attachmentsCount":0,"hasContent":true}],"attachments":[{"uid":"4a980b628200afc2","name":"Screenshot","source":"4a980b628200afc2.png","type":"image/png","size":97683},{"uid":"f31d7450c9746a5e","name":"Console Output","source":"f31d7450c9746a5e.txt","type":"text/plain","size":450}],"parameters":[],"shouldDisplayMessage":true,"stepsCount":2,"attachmentsCount":2,"hasContent":true},"afterStages":[],"labels":[{"name":"thread","value":"ParallelWorker#1"},{"name":"host","value":"fv-az732-534"},{"name":"language","value":"C#"},{"name":"framework","value":"NUnit 3"},{"name":"package","value":"QaseTestProject.Tests.UITests"},{"name":"testMethod","value":"DeleteProjectTest"},{"name":"testClass","value":"ProjectTests"},{"name":"owner","value":"Dmitry Kuzmin"},{"name":"severity","value":"blocker"},{"name":"suite","value":"UI Tests"},{"name":"tag","value":"Smoke"},{"name":"tag","value":"Regression"},{"name":"resultFormat","value":"allure2"}],"parameters":[],"links":[],"hidden":false,"retry":false,"extra":{"severity":"blocker","owner":"Dmitry Kuzmin","retries":[],"categories":[{"name":"Test defects","matchedStatuses":[],"flaky":false}],"tags":["Regression","Smoke"]},"source":"1a4a0709790840c8.json","parameterValues":[]}